빌드 시작: 2018-10-30 오후 5:12:33
     1>2 노드의 "C:\Users\angel\Desktop\2016890002강다희\HW3-1\HW3-1.vcxproj" 프로젝트(Build 대상)입니다.
     1>ClCompile:
         C:\Program Files (x86)\Microsoft Visual Studio 11.0\VC\bin\CL.exe /c /ZI /nologo /W3 /WX- /Od /Oy- /D WIN32 /D _DEBUG /D _CONSOLE /D _UNICODE /D UNICODE /Gm /EHsc /RTC1 /MDd /GS /fp:precise /Zc:wchar_t /Zc:forScope /Fo"Debug\\" /Fd"Debug\vc110.pdb" /Gd /TP /analyze- /errorReport:prompt "HW3-1.cpp"
         HW3-1.cpp
     1>c:\users\angel\desktop\2016890002강다희\hw3-1\hw3-1.cpp(16): error C2601: 'main' : 지역 함수 정의가 잘못되었습니다.
                 c:\users\angel\desktop\2016890002강다희\hw3-1\hw3-1.cpp(8): 이 줄에 짝이 되지 않는 '{'가 들어 있습니다.
     1>c:\users\angel\desktop\2016890002강다희\hw3-1\hw3-1.cpp(24): error C2562: 'printNumber' : 'void' 함수에서 값을 반환하고 있습니다.
                 c:\users\angel\desktop\2016890002강다희\hw3-1\hw3-1.cpp(8) : 'printNumber' 선언을 참조하십시오.
     1>c:\users\angel\desktop\2016890002강다희\hw3-1\hw3-1.cpp(19): error C3861: 'printnumber': 식별자를 찾을 수 없습니다.
     1>"C:\Users\angel\Desktop\2016890002강다희\HW3-1\HW3-1.vcxproj" 프로젝트를 빌드했습니다(Build 대상). - 실패

빌드하지 못했습니다.

경과 시간: 00:00:00.32
